# JRE version: Java(TM) SE Runtime Environment (8.0_211-b12) (build 1.8.0_211-b12)
# Java VM: Java HotSpot(TM) 64-Bit Server VM (25.211-b12 mixed mode windows-amd64 compressed oops)
Heap:
 PSYoungGen      total 24576K, used 24096K [0x00000000d5f80000, 0x00000000db700000, 0x0000000100000000)
  eden space 24064K, 100% used [0x00000000d5f80000,0x00000000d7700000,0x00000000d7700000)
  from space 512K, 6% used [0x00000000db680000,0x00000000db688000,0x00000000db700000)
  to   space 512K, 6% used [0x00000000db600000,0x00000000db608000,0x00000000db680000)
 ParOldGen       total 87552K, used 1292K [0x0000000081e00000, 0x0000000087380000, 0x00000000d5f80000)
  object space 87552K, 1% used [0x0000000081e00000,0x0000000081f43060,0x0000000087380000)
 Metaspace       used 5982K, capacity 6164K, committed 6400K, reserved 1056768K
  class space    used 661K, capacity 736K, committed 768K, reserved 1048576K
GC Heap History (10 events):
Event: 536.534 GC heap after
Heap after GC invocations=3702 (full 0):
 PSYoungGen      total 24576K, used 32K [0x00000000d5f80000, 0x00000000db700000, 0x0000000100000000)
  eden space 24064K, 0% used [0x00000000d5f80000,0x00000000d5f80000,0x00000000d7700000)
  from space 512K, 6% used [0x00000000db680000,0x00000000db688000,0x00000000db700000)
  to   space 512K, 0% used [0x00000000db600000,0x00000000db600000,0x00000000db680000)
 ParOldGen       total 87552K, used 1292K [0x0000000081e00000, 0x0000000087380000, 0x00000000d5f80000)
  object space 87552K, 1% used [0x0000000081e00000,0x0000000081f43060,0x0000000087380000)
 Metaspace       used 5982K, capacity 6164K, committed 6400K, reserved 1056768K
  class space    used 661K, capacity 736K, committed 768K, reserved 1048576K
}
Event: 536.651 GC heap before
{Heap before GC invocations=3703 (full 0):
 PSYoungGen      total 24576K, used 24096K [0x00000000d5f80000, 0x00000000db700000, 0x0000000100000000)
  eden space 24064K, 100% used [0x00000000d5f80000,0x00000000d7700000,0x00000000d7700000)
  from space 512K, 6% used [0x00000000db680000,0x00000000db688000,0x00000000db700000)
  to   space 512K, 0% used [0x00000000db600000,0x00000000db600000,0x00000000db680000)
 ParOldGen       total 87552K, used 1292K [0x0000000081e00000, 0x0000000087380000, 0x00000000d5f80000)
  object space 87552K, 1% used [0x0000000081e00000,0x0000000081f43060,0x0000000087380000)
 Metaspace       used 5982K, capacity 6164K, committed 6400K, reserved 1056768K
  class space    used 661K, capacity 736K, committed 768K, reserved 1048576K
Event: 536.651 GC heap after
Heap after GC invocations=3703 (full 0):
 PSYoungGen      total 24576K, used 32K [0x00000000d5f80000, 0x00000000db700000, 0x0000000100000000)
  eden space 24064K, 0% used [0x00000000d5f80000,0x00000000d5f80000,0x00000000d7700000)
  from space 512K, 6% used [0x00000000db600000,0x00000000db608000,0x00000000db680000)
  to   space 512K, 0% used [0x00000000db680000,0x00000000db680000,0x00000000db700000)
 ParOldGen       total 87552K, used 1292K [0x0000000081e00000, 0x0000000087380000, 0x00000000d5f80000)
  object space 87552K, 1% used [0x0000000081e00000,0x0000000081f43060,0x0000000087380000)
 Metaspace       used 5982K, capacity 6164K, committed 6400K, reserved 1056768K
  class space    used 661K, capacity 736K, committed 768K, reserved 1048576K
}
Event: 536.773 GC heap before
{Heap before GC invocations=3704 (full 0):
 PSYoungGen      total 24576K, used 24096K [0x00000000d5f80000, 0x00000000db700000, 0x0000000100000000)
  eden space 24064K, 100% used [0x00000000d5f80000,0x00000000d7700000,0x00000000d7700000)
  from space 512K, 6% used [0x00000000db600000,0x00000000db608000,0x00000000db680000)
  to   space 512K, 0% used [0x00000000db680000,0x00000000db680000,0x00000000db700000)
 ParOldGen       total 87552K, used 1292K [0x0000000081e00000, 0x0000000087380000, 0x00000000d5f80000)
  object space 87552K, 1% used [0x0000000081e00000,0x0000000081f43060,0x0000000087380000)
 Metaspace       used 5982K, capacity 6164K, committed 6400K, reserved 1056768K
  class space    used 661K, capacity 736K, committed 768K, reserved 1048576K
Event: 536.774 GC heap after
Heap after GC invocations=3704 (full 0):
 PSYoungGen      total 24576K, used 32K [0x00000000d5f80000, 0x00000000db700000, 0x0000000100000000)
  eden space 24064K, 0% used [0x00000000d5f80000,0x00000000d5f80000,0x00000000d7700000)
  from space 512K, 6% used [0x00000000db680000,0x00000000db688000,0x00000000db700000)
  to   space 512K, 0% used [0x00000000db600000,0x00000000db600000,0x00000000db680000)
 ParOldGen       total 87552K, used 1292K [0x0000000081e00000, 0x0000000087380000, 0x00000000d5f80000)
  object space 87552K, 1% used [0x0000000081e00000,0x0000000081f43060,0x0000000087380000)
 Metaspace       used 5982K, capacity 6164K, committed 6400K, reserved 1056768K
  class space    used 661K, capacity 736K, committed 768K, reserved 1048576K
}
Event: 536.895 GC heap before
{Heap before GC invocations=3705 (full 0):
 PSYoungGen      total 24576K, used 24096K [0x00000000d5f80000, 0x00000000db700000, 0x0000000100000000)
  eden space 24064K, 100% used [0x00000000d5f80000,0x00000000d7700000,0x00000000d7700000)
  from space 512K, 6% used [0x00000000db680000,0x00000000db688000,0x00000000db700000)
  to   space 512K, 0% used [0x00000000db600000,0x00000000db600000,0x00000000db680000)
 ParOldGen       total 87552K, used 1292K [0x0000000081e00000, 0x0000000087380000, 0x00000000d5f80000)
  object space 87552K, 1% used [0x0000000081e00000,0x0000000081f43060,0x0000000087380000)
 Metaspace       used 5982K, capacity 6164K, committed 6400K, reserved 1056768K
  class space    used 661K, capacity 736K, committed 768K, reserved 1048576K
Event: 536.896 GC heap after
Heap after GC invocations=3705 (full 0):
 PSYoungGen      total 24576K, used 32K [0x00000000d5f80000, 0x00000000db700000, 0x0000000100000000)
  eden space 24064K, 0% used [0x00000000d5f80000,0x00000000d5f80000,0x00000000d7700000)
  from space 512K, 6% used [0x00000000db600000,0x00000000db608000,0x00000000db680000)
  to   space 512K, 0% used [0x00000000db680000,0x00000000db680000,0x00000000db700000)
 ParOldGen       total 87552K, used 1292K [0x0000000081e00000, 0x0000000087380000, 0x00000000d5f80000)
  object space 87552K, 1% used [0x0000000081e00000,0x0000000081f43060,0x0000000087380000)
 Metaspace       used 5982K, capacity 6164K, committed 6400K, reserved 1056768K
  class space    used 661K, capacity 736K, committed 768K, reserved 1048576K
}
Event: 537.012 GC heap before
{Heap before GC invocations=3706 (full 0):
 PSYoungGen      total 24576K, used 24096K [0x00000000d5f80000, 0x00000000db700000, 0x0000000100000000)
  eden space 24064K, 100% used [0x00000000d5f80000,0x00000000d7700000,0x00000000d7700000)
  from space 512K, 6% used [0x00000000db600000,0x00000000db608000,0x00000000db680000)
  to   space 512K, 0% used [0x00000000db680000,0x00000000db680000,0x00000000db700000)
 ParOldGen       total 87552K, used 1292K [0x0000000081e00000, 0x0000000087380000, 0x00000000d5f80000)
  object space 87552K, 1% used [0x0000000081e00000,0x0000000081f43060,0x0000000087380000)
 Metaspace       used 5982K, capacity 6164K, committed 6400K, reserved 1056768K
  class space    used 661K, capacity 736K, committed 768K, reserved 1048576K
Event: 537.012 GC heap after
Heap after GC invocations=3706 (full 0):
 PSYoungGen      total 24576K, used 32K [0x00000000d5f80000, 0x00000000db700000, 0x0000000100000000)
  eden space 24064K, 0% used [0x00000000d5f80000,0x00000000d5f80000,0x00000000d7700000)
  from space 512K, 6% used [0x00000000db680000,0x00000000db688000,0x00000000db700000)
  to   space 512K, 0% used [0x00000000db600000,0x00000000db600000,0x00000000db680000)
 ParOldGen       total 87552K, used 1292K [0x0000000081e00000, 0x0000000087380000, 0x00000000d5f80000)
  object space 87552K, 1% used [0x0000000081e00000,0x0000000081f43060,0x0000000087380000)
 Metaspace       used 5982K, capacity 6164K, committed 6400K, reserved 1056768K
  class space    used 661K, capacity 736K, committed 768K, reserved 1048576K
}
Event: 537.137 GC heap before
{Heap before GC invocations=3707 (full 0):
 PSYoungGen      total 24576K, used 24096K [0x00000000d5f80000, 0x00000000db700000, 0x0000000100000000)
  eden space 24064K, 100% used [0x00000000d5f80000,0x00000000d7700000,0x00000000d7700000)
  from space 512K, 6% used [0x00000000db680000,0x00000000db688000,0x00000000db700000)
  to   space 512K, 0% used [0x00000000db600000,0x00000000db600000,0x00000000db680000)
 ParOldGen       total 87552K, used 1292K [0x0000000081e00000, 0x0000000087380000, 0x00000000d5f80000)
  object space 87552K, 1% used [0x0000000081e00000,0x0000000081f43060,0x0000000087380000)
 Metaspace       used 5982K, capacity 6164K, committed 6400K, reserved 1056768K
  class space    used 661K, capacity 736K, committed 768K, reserved 1048576K

